SF:/home/josecelano/Documents/git/committer/me/github/josecelano-test/pull_request_target/src/main.rs
FN:7,_RNvCsgzubYbVaq0u_19pull_request_target9greetings
FN:18,_RNvNtCsgzubYbVaq0u_19pull_request_target5testss_15it_should_greet
FN:3,_RNvCsgzubYbVaq0u_19pull_request_target4main
FNDA:1,_RNvCsgzubYbVaq0u_19pull_request_target9greetings
FNDA:1,_RNvNtCsgzubYbVaq0u_19pull_request_target5testss_15it_should_greet
FNDA:0,_RNvCsgzubYbVaq0u_19pull_request_target4main
FNF:3
FNH:2
DA:3,0
DA:4,0
DA:5,0
DA:7,1
DA:8,1
DA:9,1
DA:18,1
DA:20,114
DA:21,113
DA:22,113
DA:24,1
DA:25,1
BRF:0
BRH:0
LF:12
LH:9
end_of_record